Determining if the pthread_create exist failed with the following output:
Change Dir: /home/eaibot/dashgo_ws/build/CMakeFiles/CMakeTmp

Run Build Command:"/usr/bin/make" "cmTC_cc6b8/fast"
/usr/bin/make -f CMakeFiles/cmTC_cc6b8.dir/build.make CMakeFiles/cmTC_cc6b8.dir/build
make[1]: Entering directory '/home/eaibot/dashgo_ws/build/CMakeFiles/CMakeTmp'
Building C object CMakeFiles/cmTC_cc6b8.dir/CheckSymbolExists.c.o
/usr/bin/cc     -o CMakeFiles/cmTC_cc6b8.dir/CheckSymbolExists.c.o   -c /home/eaibot/dashgo_ws/build/CMakeFiles/CMakeTmp/CheckSymbolExists.c
Linking C executable cmTC_cc6b8
/usr/bin/cmake -E cmake_link_script CMakeFiles/cmTC_cc6b8.dir/link.txt --verbose=1
/usr/bin/cc       CMakeFiles/cmTC_cc6b8.dir/CheckSymbolExists.c.o  -o cmTC_cc6b8 -rdynamic 
CMakeFiles/cmTC_cc6b8.dir/CheckSymbolExists.c.o: In function `main':
CheckSymbolExists.c:(.text+0x16): undefined reference to `pthread_create'
collect2: error: ld returned 1 exit status
CMakeFiles/cmTC_cc6b8.dir/build.make:97: recipe for target 'cmTC_cc6b8' failed
make[1]: *** [cmTC_cc6b8] Error 1
make[1]: Leaving directory '/home/eaibot/dashgo_ws/build/CMakeFiles/CMakeTmp'
Makefile:126: recipe for target 'cmTC_cc6b8/fast' failed
make: *** [cmTC_cc6b8/fast] Error 2

File /home/eaibot/dashgo_ws/build/CMakeFiles/CMakeTmp/CheckSymbolExists.c:
/* */
#include <pthread.h>

int main(int argc, char** argv)
{
  (void)argv;
#ifndef pthread_create
  return ((int*)(&pthread_create))[argc];
#else
  (void)argc;
  return 0;
#endif
}

Determining if the function pthread_create exists in the pthreads failed with the following output:
Change Dir: /home/eaibot/dashgo_ws/build/CMakeFiles/CMakeTmp

Run Build Command:"/usr/bin/make" "cmTC_4f7bd/fast"
/usr/bin/make -f CMakeFiles/cmTC_4f7bd.dir/build.make CMakeFiles/cmTC_4f7bd.dir/build
make[1]: Entering directory '/home/eaibot/dashgo_ws/build/CMakeFiles/CMakeTmp'
Building C object CMakeFiles/cmTC_4f7bd.dir/CheckFunctionExists.c.o
/usr/bin/cc    -DCHECK_FUNCTION_EXISTS=pthread_create   -o CMakeFiles/cmTC_4f7bd.dir/CheckFunctionExists.c.o   -c /usr/share/cmake-3.5/Modules/CheckFunctionExists.c
Linking C executable cmTC_4f7bd
/usr/bin/cmake -E cmake_link_script CMakeFiles/cmTC_4f7bd.dir/link.txt --verbose=1
/usr/bin/cc   -DCHECK_FUNCTION_EXISTS=pthread_create    CMakeFiles/cmTC_4f7bd.dir/CheckFunctionExists.c.o  -o cmTC_4f7bd -rdynamic -lpthreads 
/usr/bin/ld: cannot find -lpthreads
collect2: error: ld returned 1 exit status
CMakeFiles/cmTC_4f7bd.dir/build.make:97: recipe for target 'cmTC_4f7bd' failed
make[1]: *** [cmTC_4f7bd] Error 1
make[1]: Leaving directory '/home/eaibot/dashgo_ws/build/CMakeFiles/CMakeTmp'
Makefile:126: recipe for target 'cmTC_4f7bd/fast' failed
make: *** [cmTC_4f7bd/fast] Error 2


Determining if the include file FL/Fl.H exists failed with the following output:
Change Dir: /home/eaibot/dashgo_ws/build/CMakeFiles/CMakeTmp

Run Build Command:"/usr/bin/make" "cmTC_eeef1/fast"
/usr/bin/make -f CMakeFiles/cmTC_eeef1.dir/build.make CMakeFiles/cmTC_eeef1.dir/build
make[1]: Entering directory '/home/eaibot/dashgo_ws/build/CMakeFiles/CMakeTmp'
Building CXX object CMakeFiles/cmTC_eeef1.dir/CheckIncludeFile.cxx.o
/usr/bin/c++      -o CMakeFiles/cmTC_eeef1.dir/CheckIncludeFile.cxx.o -c /home/eaibot/dashgo_ws/build/CMakeFiles/CMakeTmp/CheckIncludeFile.cxx
/home/eaibot/dashgo_ws/build/CMakeFiles/CMakeTmp/CheckIncludeFile.cxx:1:19: fatal error: FL/Fl.H: No such file or directory
compilation terminated.
CMakeFiles/cmTC_eeef1.dir/build.make:65: recipe for target 'CMakeFiles/cmTC_eeef1.dir/CheckIncludeFile.cxx.o' failed
make[1]: *** [CMakeFiles/cmTC_eeef1.dir/CheckIncludeFile.cxx.o] Error 1
make[1]: Leaving directory '/home/eaibot/dashgo_ws/build/CMakeFiles/CMakeTmp'
Makefile:126: recipe for target 'cmTC_eeef1/fast' failed
make: *** [cmTC_eeef1/fast] Error 2


Determining if the include file pgm.h exists failed with the following output:
Change Dir: /home/eaibot/dashgo_ws/build/CMakeFiles/CMakeTmp

Run Build Command:"/usr/bin/make" "cmTC_fa3ab/fast"
/usr/bin/make -f CMakeFiles/cmTC_fa3ab.dir/build.make CMakeFiles/cmTC_fa3ab.dir/build
make[1]: Entering directory '/home/eaibot/dashgo_ws/build/CMakeFiles/CMakeTmp'
Building CXX object CMakeFiles/cmTC_fa3ab.dir/CheckIncludeFile.cxx.o
/usr/bin/c++      -o CMakeFiles/cmTC_fa3ab.dir/CheckIncludeFile.cxx.o -c /home/eaibot/dashgo_ws/build/CMakeFiles/CMakeTmp/CheckIncludeFile.cxx
/home/eaibot/dashgo_ws/build/CMakeFiles/CMakeTmp/CheckIncludeFile.cxx:1:17: fatal error: pgm.h: No such file or directory
compilation terminated.
CMakeFiles/cmTC_fa3ab.dir/build.make:65: recipe for target 'CMakeFiles/cmTC_fa3ab.dir/CheckIncludeFile.cxx.o' failed
make[1]: *** [CMakeFiles/cmTC_fa3ab.dir/CheckIncludeFile.cxx.o] Error 1
make[1]: Leaving directory '/home/eaibot/dashgo_ws/build/CMakeFiles/CMakeTmp'
Makefile:126: recipe for target 'cmTC_fa3ab/fast' failed
make: *** [cmTC_fa3ab/fast] Error 2


